2014-04-29 23:21:06.034 Chofer[2614:90b] Multi-tasking -> Device: YES, App: YES
2014-04-29 23:21:06.053 Chofer[2614:90b] Unlimited access to network resources
2014-04-29 23:21:06.422 Chofer[2614:90b] Resetting plugins due to page load.
2014-04-29 23:21:07.683 Chofer[2614:90b] Finished load of: file:///Users/patricioguzman/Library/Application%20Support/iPhone%20Simulator/7.1/Applications/B7CC2B7A-FA3F-4F60-B1EE-1781A3BDE9B4/Chofer.app/www/index.html
2014-04-30 00:05:53.048 Chofer[3535:90b] Multi-tasking -> Device: YES, App: YES
2014-04-30 00:05:53.056 Chofer[3535:90b] Unlimited access to network resources
2014-04-30 00:05:53.202 Chofer[3535:90b] Resetting plugins due to page load.
2014-04-30 00:05:53.514 Chofer[3535:90b] Finished load of: file:///Users/patricioguzman/Library/Application%20Support/iPhone%20Simulator/7.1/Applications/B7CC2B7A-FA3F-4F60-B1EE-1781A3BDE9B4/Chofer.app/www/index.html
2014-04-30 00:07:06.654 Chofer[3978:90b] Multi-tasking -> Device: YES, App: YES
2014-04-30 00:07:06.662 Chofer[3978:90b] Unlimited access to network resources
2014-04-30 00:07:06.829 Chofer[3978:90b] Resetting plugins due to page load.
2014-04-30 00:07:07.087 Chofer[3978:90b] Finished load of: file:///Users/patricioguzman/Library/Application%20Support/iPhone%20Simulator/7.1/Applications/B7CC2B7A-FA3F-4F60-B1EE-1781A3BDE9B4/Chofer.app/www/index.html
2014-04-30 00:17:51.543 Chofer[4530:90b] Multi-tasking -> Device: YES, App: YES
2014-04-30 00:17:51.553 Chofer[4530:90b] Unlimited access to network resources
2014-04-30 00:17:51.737 Chofer[4530:90b] Resetting plugins due to page load.
2014-04-30 00:17:51.999 Chofer[4530:90b] Finished load of: file:///Users/patricioguzman/Library/Application%20Support/iPhone%20Simulator/7.1/Applications/B7CC2B7A-FA3F-4F60-B1EE-1781A3BDE9B4/Chofer.app/www/index.html
2014-04-30 00:25:24.744 Chofer[4951:90b] Multi-tasking -> Device: YES, App: YES
2014-04-30 00:25:24.753 Chofer[4951:90b] Unlimited access to network resources
2014-04-30 00:25:24.935 Chofer[4951:90b] Resetting plugins due to page load.
2014-04-30 00:25:25.201 Chofer[4951:90b] Finished load of: file:///Users/patricioguzman/Library/Application%20Support/iPhone%20Simulator/7.1/Applications/04BA3DB5-7D53-49D2-B3EB-A2E75BB0E09F/Chofer.app/www/index.html
2014-04-30 00:34:07.993 Chofer[5427:90b] Multi-tasking -> Device: YES, App: YES
2014-04-30 00:34:08.001 Chofer[5427:90b] Unlimited access to network resources
2014-04-30 00:34:08.158 Chofer[5427:90b] Resetting plugins due to page load.
2014-04-30 00:34:08.417 Chofer[5427:90b] Finished load of: file:///Users/patricioguzman/Library/Application%20Support/iPhone%20Simulator/7.1/Applications/04BA3DB5-7D53-49D2-B3EB-A2E75BB0E09F/Chofer.app/www/index.html
2014-04-30 00:37:42.943 Chofer[5837:90b] Multi-tasking -> Device: YES, App: YES
2014-04-30 00:37:42.951 Chofer[5837:90b] Unlimited access to network resources
2014-04-30 00:37:43.028 Chofer[5837:90b] Resetting plugins due to page load.
2014-04-30 00:37:43.309 Chofer[5837:90b] Finished load of: file:///Users/patricioguzman/Library/Application%20Support/iPhone%20Simulator/7.1/Applications/04BA3DB5-7D53-49D2-B3EB-A2E75BB0E09F/Chofer.app/www/index.html
2014-04-30 00:39:40.191 Chofer[6232:90b] Multi-tasking -> Device: YES, App: YES
2014-04-30 00:39:40.198 Chofer[6232:90b] Unlimited access to network resources
2014-04-30 00:39:40.367 Chofer[6232:90b] Resetting plugins due to page load.
2014-04-30 00:39:40.588 Chofer[6232:90b] Finished load of: file:///Users/patricioguzman/Library/Application%20Support/iPhone%20Simulator/7.1/Applications/04BA3DB5-7D53-49D2-B3EB-A2E75BB0E09F/Chofer.app/www/index.html
2014-04-30 21:40:58.283 Chofer[1319:90b] Multi-tasking -> Device: YES, App: YES
2014-04-30 21:40:58.338 Chofer[1319:90b] Unlimited access to network resources
2014-04-30 21:41:00.606 Chofer[1319:90b] Resetting plugins due to page load.
2014-04-30 21:41:02.209 Chofer[1319:90b] Finished load of: file:///Users/patricioguzman/Library/Application%20Support/iPhone%20Simulator/7.1/Applications/04BA3DB5-7D53-49D2-B3EB-A2E75BB0E09F/Chofer.app/www/index.html
2014-04-30 21:42:06.394 Chofer[1542:90b] Multi-tasking -> Device: YES, App: YES
2014-04-30 21:42:06.415 Chofer[1542:90b] Unlimited access to network resources
2014-04-30 21:42:06.547 Chofer[1542:90b] Resetting plugins due to page load.
2014-04-30 21:42:06.771 Chofer[1542:90b] Finished load of: file:///Users/patricioguzman/Library/Application%20Support/iPhone%20Simulator/7.1/Applications/04BA3DB5-7D53-49D2-B3EB-A2E75BB0E09F/Chofer.app/www/index.html
2014-04-30 21:56:19.918 Chofer[2170:90b] Multi-tasking -> Device: YES, App: YES
2014-04-30 21:56:19.927 Chofer[2170:90b] Unlimited access to network resources
2014-04-30 21:56:20.155 Chofer[2170:90b] Resetting plugins due to page load.
2014-04-30 21:56:20.896 Chofer[2170:90b] Finished load of: file:///Users/patricioguzman/Library/Application%20Support/iPhone%20Simulator/7.1/Applications/04BA3DB5-7D53-49D2-B3EB-A2E75BB0E09F/Chofer.app/www/index.html
2014-04-30 21:58:54.340 Chofer[2398:90b] Multi-tasking -> Device: YES, App: YES
2014-04-30 21:58:54.350 Chofer[2398:90b] Unlimited access to network resources
2014-04-30 21:58:54.442 Chofer[2398:90b] Resetting plugins due to page load.
2014-04-30 21:58:54.658 Chofer[2398:90b] Finished load of: file:///Users/patricioguzman/Library/Application%20Support/iPhone%20Simulator/7.1/Applications/04BA3DB5-7D53-49D2-B3EB-A2E75BB0E09F/Chofer.app/www/index.html
